00:27:16.168 DEBUG [main] org.jboss.jawabot.JawaBotApp  JawaBotApp#main() start.
00:27:16.170 INFO  [main] org.jboss.jawabot.config.JaxbConfigPersister  Loading config from: JawaBotConfig-debug.xml
00:27:16.284 INFO  [main] org.jboss.jawabot.JawaBot  
00:27:16.284 INFO  [main] org.jboss.jawabot.JawaBot                          ***  QUIT PASSWORD: 574  ***
00:27:16.284 INFO  [main] org.jboss.jawabot.JawaBot  
00:27:16.284 INFO  [main] org.jboss.jawabot.JawaBot  Initializing...
00:27:16.285 INFO  [main] org.jboss.jawabot.state.JaxbStatePersister    Reading state from: JawaBotState.xml
00:27:16.285 WARN  [main] org.jboss.jawabot.state.JaxbStatePersister    State file not found - starting clean. JawaBotState.xml
00:27:16.301 INFO  [main] org.jboss.jawabot.irc.JawaIrcBot  Initializing...
00:27:16.314 INFO  [main] org.jboss.jawabot.irc.JawaIrcBot  Connecting...
00:27:16.314 INFO  [main] org.jboss.jawabot.irc.JawaIrcBot  Trying nick 'JawaBot-debug'...
00:27:16.819 INFO  [main] org.jboss.jawabot.irc.JawaIrcBot  Joining channels...
00:27:16.820 INFO  [main] org.jboss.jawabot.irc.JawaIrcBot   * joining '#some'
00:27:16.820 INFO  [main] org.jboss.jawabot.irc.JawaIrcBot  Connecting done.
00:27:16.823 DEBUG [main] org.jboss.jawabot.JawaBotApp  JawaBotApp#main() end.
01:27:13.673 DEBUG [main] org.jboss.jawabot.JawaBotApp  JawaBotApp#main() start.
01:27:13.675 INFO  [main] org.jboss.jawabot.config.JaxbConfigPersister  Loading config from: JawaBotConfig-debug.xml
01:27:13.789 INFO  [main] org.jboss.jawabot.JawaBot  
01:27:13.789 INFO  [main] org.jboss.jawabot.JawaBot                          ***  QUIT PASSWORD: 248  ***
01:27:13.789 INFO  [main] org.jboss.jawabot.JawaBot  
01:27:13.789 INFO  [main] org.jboss.jawabot.JawaBot  Initializing...
01:27:13.790 INFO  [main] org.jboss.jawabot.state.JaxbStatePersister    Reading state from: JawaBotState.xml
01:27:13.790 WARN  [main] org.jboss.jawabot.state.JaxbStatePersister    State file not found - starting clean. JawaBotState.xml
01:27:13.806 INFO  [main] org.jboss.jawabot.irc.JawaIrcBot  Initializing...
01:27:13.814 INFO  [main] org.jboss.jawabot.irc.JawaIrcBot  Connecting...
01:27:13.814 INFO  [main] org.jboss.jawabot.irc.JawaIrcBot  Trying nick 'JawaBot-debug'...
01:27:14.209 INFO  [main] org.jboss.jawabot.irc.JawaIrcBot  Joining channels...
01:27:14.210 INFO  [main] org.jboss.jawabot.irc.JawaIrcBot   * joining '#some'
01:27:14.210 INFO  [main] org.jboss.jawabot.irc.JawaIrcBot  Connecting done.
01:27:14.224 DEBUG [main] org.jboss.jawabot.JawaBotApp  JawaBotApp#main() end.
01:36:15.633 DEBUG [main] org.jboss.jawabot.JawaBotApp  JawaBotApp#main() start.
01:36:15.635 INFO  [main] org.jboss.jawabot.config.JaxbConfigPersister  Loading config from: JawaBotConfig-debug.xml
01:36:15.748 INFO  [main] org.jboss.jawabot.JawaBot  
01:36:15.748 INFO  [main] org.jboss.jawabot.JawaBot                          ***  QUIT PASSWORD: 222  ***
01:36:15.749 INFO  [main] org.jboss.jawabot.JawaBot  
01:36:15.749 INFO  [main] org.jboss.jawabot.JawaBot  Initializing...
01:36:15.749 INFO  [main] org.jboss.jawabot.state.JaxbStatePersister    Reading state from: JawaBotState.xml
01:36:15.750 WARN  [main] org.jboss.jawabot.state.JaxbStatePersister    State file not found - starting clean. JawaBotState.xml
01:36:15.766 INFO  [main] org.jboss.jawabot.irc.JawaIrcBot  Initializing...
01:36:15.773 INFO  [main] org.jboss.jawabot.irc.JawaIrcBot  Connecting...
01:36:15.773 INFO  [main] org.jboss.jawabot.irc.JawaIrcBot  Trying nick 'JawaBot-debug'...
01:36:16.292 INFO  [main] org.jboss.jawabot.irc.JawaIrcBot  Joining channels...
01:36:16.293 INFO  [main] org.jboss.jawabot.irc.JawaIrcBot   * joining '#some'
01:36:16.293 INFO  [main] org.jboss.jawabot.irc.JawaIrcBot  Connecting done.
01:36:16.308 DEBUG [main] org.jboss.jawabot.JawaBotApp  JawaBotApp#main() end.
01:43:16.854 DEBUG [main] org.jboss.jawabot.JawaBotApp  JawaBotApp#main() start.
01:43:16.855 INFO  [main] org.jboss.jawabot.config.JaxbConfigPersister  Loading config from: JawaBotConfig-debug.xml
01:43:16.972 INFO  [main] org.jboss.jawabot.JawaBot  
01:43:16.972 INFO  [main] org.jboss.jawabot.JawaBot                          ***  QUIT PASSWORD: 639  ***
01:43:16.972 INFO  [main] org.jboss.jawabot.JawaBot  
01:43:16.972 INFO  [main] org.jboss.jawabot.JawaBot  Initializing...
01:43:16.973 INFO  [main] org.jboss.jawabot.state.JaxbStatePersister    Reading state from: JawaBotState.xml
01:43:16.973 WARN  [main] org.jboss.jawabot.state.JaxbStatePersister    State file not found - starting clean. JawaBotState.xml
01:43:16.989 INFO  [main] org.jboss.jawabot.irc.JawaIrcBot  Initializing...
01:43:16.996 INFO  [main] org.jboss.jawabot.irc.JawaIrcBot  Connecting...
01:43:16.996 INFO  [main] org.jboss.jawabot.irc.JawaIrcBot  Trying nick 'JawaBot-debug'...
01:43:17.426 INFO  [main] org.jboss.jawabot.irc.JawaIrcBot  Joining channels...
01:43:17.426 INFO  [main] org.jboss.jawabot.irc.JawaIrcBot   * joining '#some'
01:43:17.426 INFO  [main] org.jboss.jawabot.irc.JawaIrcBot  Connecting done.
01:43:17.440 DEBUG [main] org.jboss.jawabot.JawaBotApp  JawaBotApp#main() end.
01:45:18.621 INFO  [class org.jibble.pircbot.InputThread-Thread] org.jboss.jawabot.irc.plugin.logger.LoggerIrcPluginHook   IRC message: IrcMessage{ ozizka@ ##some: test }
